0_001.png 0
0_002.png 1
0_003.png 2
0_004.png 3
0_005.png 4
0_006.png 5
0_007.png 6
0_008.png 7
0_009.png 8
0_010.png 9
0_011.png 10
0_012.png 11
0_013.png 12
0_014.png 13
0_015.png 14
0_016.png 15
0_017.png 16
0_018.png 17
0_019.png 18
0_020.png 19
0_021.png 20
0_022.png 21
0_023.png 22
0_024.png 23
0_025.png 24
0_026.png 25
0_027.png 26
0_028.png 27
0_029.png 28
0_030.png 29
0_031.png 30
0_032.png 31
0_033.png 32
0_034.png 33
0_035.png 34
0_036.png 35
0_037.png 36
0_038.png 37
0_039.png 38
0_040.png 39
0_041.png 40
0_042.png 41
0_043.png 42
0_044.png 43
0_045.png 44
0_046.png 45
0_047.png 46
0_048.png 47
0_049.png 48
0_050.png 49
0_051.png 50
0_052.png 51
0_053.png 52
0_054.png 53
0_055.png 54
0_056.png 55
0_057.png 56
0_058.png 57
0_059.png 58
0_060.png 59
0_061.png 60
0_062.png 61
0_063.png 62
0_064.png 63
0_065.png 64
0_066.png 65
0_067.png 66
0_068.png 67
0_069.png 68
0_070.png 69
0_071.png 70
0_072.png 71
0_073.png 72
0_074.png 73
0_075.png 74
0_076.png 75
0_077.png 76
0_078.png 77
0_079.png 78
0_080.png 79
0_081.png 80
0_082.png 81
0_083.png 82
0_084.png 83
0_085.png 84
0_086.png 85
0_087.png 86
0_088.png 87
0_089.png 88
0_090.png 89
0_091.png 90
0_092.png 91
0_093.png 92
0_094.png 93
0_095.png 94
0_096.png 95
0_097.png 96
0_098.png 97
0_099.png 98
10_001.png 99
10_002.png 100
10_003.png 101
10_004.png 102
10_005.png 103
10_006.png 104
10_007.png 105
10_008.png 106
10_009.png 107
10_010.png 108
10_011.png 109
10_012.png 110
10_013.png 111
10_014.png 112
10_015.png 113
10_016.png 114
10_017.png 115
10_018.png 116
10_019.png 117
10_020.png 118
10_021.png 119
10_022.png 120
10_023.png 121
10_024.png 122
10_025.png 123
10_026.png 124
10_027.png 125
10_028.png 126
10_029.png 127
10_030.png 128
10_031.png 129
10_032.png 130
10_033.png 131
10_034.png 132
10_035.png 133
10_036.png 134
10_037.png 135
10_038.png 136
10_039.png 137
10_040.png 138
10_041.png 139
10_042.png 140
10_043.png 141
10_044.png 142
10_045.png 143
10_046.png 144
10_047.png 145
10_048.png 146
10_049.png 147
10_050.png 148
10_051.png 149
10_052.png 150
10_053.png 151
10_054.png 152
10_055.png 153
10_056.png 154
10_057.png 155
10_058.png 156
10_059.png 157
10_060.png 158
10_061.png 159
10_062.png 160
10_063.png 161
10_064.png 162
10_065.png 163
10_066.png 164
10_067.png 165
10_068.png 166
10_069.png 167
10_070.png 168
10_071.png 169
10_072.png 170
10_073.png 171
10_074.png 172
10_075.png 173
10_076.png 174
10_077.png 175
10_078.png 176
10_079.png 177
10_080.png 178
10_081.png 179
10_082.png 180
10_083.png 181
10_084.png 182
10_085.png 183
10_086.png 184
10_087.png 185
10_088.png 186
10_089.png 187
10_090.png 188
10_091.png 189
10_092.png 190
10_093.png 191
10_094.png 192
10_095.png 193
10_096.png 194
10_097.png 195
10_098.png 196
10_099.png 197
11_001.png 198
11_002.png 199
11_003.png 200
11_004.png 201
11_005.png 202
11_006.png 203
11_007.png 204
11_008.png 205
11_009.png 206
11_010.png 207
11_011.png 208
11_012.png 209
11_013.png 210
11_014.png 211
11_015.png 212
11_016.png 213
11_017.png 214
11_018.png 215
11_019.png 216
11_020.png 217
11_021.png 218
11_022.png 219
11_023.png 220
11_024.png 221
11_025.png 222
11_026.png 223
11_027.png 224
11_028.png 225
11_029.png 226
11_030.png 227
11_031.png 228
11_032.png 229
11_033.png 230
11_034.png 231
11_035.png 232
11_036.png 233
11_037.png 234
11_038.png 235
11_039.png 236
11_040.png 237
11_041.png 238
11_042.png 239
11_043.png 240
11_044.png 241
11_045.png 242
11_046.png 243
11_047.png 244
11_048.png 245
11_049.png 246
11_050.png 247
11_051.png 248
11_052.png 249
11_053.png 250
11_054.png 251
11_055.png 252
11_056.png 253
11_057.png 254
11_058.png 255
11_059.png 256
11_060.png 257
11_061.png 258
11_062.png 259
11_063.png 260
11_064.png 261
11_065.png 262
11_066.png 263
11_067.png 264
11_068.png 265
11_069.png 266
11_070.png 267
11_071.png 268
11_072.png 269
11_073.png 270
11_074.png 271
11_075.png 272
11_076.png 273
11_077.png 274
11_078.png 275
11_079.png 276
11_080.png 277
11_081.png 278
11_082.png 279
11_083.png 280
11_084.png 281
11_085.png 282
11_086.png 283
11_087.png 284
11_088.png 285
11_089.png 286
11_090.png 287
11_091.png 288
11_092.png 289
11_093.png 290
11_094.png 291
11_095.png 292
11_096.png 293
11_097.png 294
11_098.png 295
11_099.png 296
12_001.png 297
12_002.png 298
12_003.png 299
12_004.png 300
12_005.png 301
12_006.png 302
12_007.png 303
12_008.png 304
12_009.png 305
12_010.png 306
12_011.png 307
12_012.png 308
12_013.png 309
12_014.png 310
12_015.png 311
12_016.png 312
12_017.png 313
12_018.png 314
12_019.png 315
12_020.png 316
12_021.png 317
12_022.png 318
12_023.png 319
12_024.png 320
12_025.png 321
12_026.png 322
12_027.png 323
12_028.png 324
12_029.png 325
12_030.png 326
12_031.png 327
12_032.png 328
12_033.png 329
12_034.png 330
12_035.png 331
12_036.png 332
12_037.png 333
12_038.png 334
12_039.png 335
12_040.png 336
12_041.png 337
12_042.png 338
12_043.png 339
12_044.png 340
12_045.png 341
12_046.png 342
12_047.png 343
12_048.png 344
12_049.png 345
12_050.png 346
12_051.png 347
12_052.png 348
12_053.png 349
12_054.png 350
12_055.png 351
12_056.png 352
12_057.png 353
12_058.png 354
12_059.png 355
12_060.png 356
12_061.png 357
12_062.png 358
12_063.png 359
12_064.png 360
12_065.png 361
12_066.png 362
12_067.png 363
12_068.png 364
12_069.png 365
12_070.png 366
12_071.png 367
12_072.png 368
12_073.png 369
12_074.png 370
12_075.png 371
12_076.png 372
12_077.png 373
12_078.png 374
12_079.png 375
12_080.png 376
12_081.png 377
12_082.png 378
12_083.png 379
12_084.png 380
12_085.png 381
12_086.png 382
12_087.png 383
12_088.png 384
12_089.png 385
12_090.png 386
12_091.png 387
12_092.png 388
12_093.png 389
12_094.png 390
12_095.png 391
12_096.png 392
12_097.png 393
12_098.png 394
12_099.png 395
13_001.png 396
13_002.png 397
13_003.png 398
13_004.png 399
13_005.png 400
13_006.png 401
13_007.png 402
13_008.png 403
13_009.png 404
13_010.png 405
13_011.png 406
13_012.png 407
13_013.png 408
13_014.png 409
13_015.png 410
13_016.png 411
13_017.png 412
13_018.png 413
13_019.png 414
13_020.png 415
13_021.png 416
13_022.png 417
13_023.png 418
13_024.png 419
13_025.png 420
13_026.png 421
13_027.png 422
13_028.png 423
13_029.png 424
13_030.png 425
13_031.png 426
13_032.png 427
13_033.png 428
13_034.png 429
13_035.png 430
13_036.png 431
13_037.png 432
13_038.png 433
13_039.png 434
13_040.png 435
13_041.png 436
13_042.png 437
13_043.png 438
13_044.png 439
13_045.png 440
13_046.png 441
13_047.png 442
13_048.png 443
13_049.png 444
13_050.png 445
13_051.png 446
13_052.png 447
13_053.png 448
13_054.png 449
13_055.png 450
13_056.png 451
13_057.png 452
13_058.png 453
13_059.png 454
13_060.png 455
13_061.png 456
13_062.png 457
13_063.png 458
13_064.png 459
13_065.png 460
13_066.png 461
13_067.png 462
13_068.png 463
13_069.png 464
13_070.png 465
13_071.png 466
13_072.png 467
13_073.png 468
13_074.png 469
13_075.png 470
13_076.png 471
13_077.png 472
13_078.png 473
13_079.png 474
13_080.png 475
13_081.png 476
13_082.png 477
13_083.png 478
13_084.png 479
13_085.png 480
13_086.png 481
13_087.png 482
13_088.png 483
13_089.png 484
13_090.png 485
13_091.png 486
13_092.png 487
13_093.png 488
13_094.png 489
13_095.png 490
13_096.png 491
13_097.png 492
13_098.png 493
13_099.png 494
14_001.png 495
14_002.png 496
14_003.png 497
14_004.png 498
14_005.png 499
14_006.png 500
14_007.png 501
14_008.png 502
14_009.png 503
14_010.png 504
14_011.png 505
14_012.png 506
14_013.png 507
14_014.png 508
14_015.png 509
14_016.png 510
14_017.png 511
14_018.png 512
14_019.png 513
14_020.png 514
14_021.png 515
14_022.png 516
14_023.png 517
14_024.png 518
14_025.png 519
14_026.png 520
14_027.png 521
14_028.png 522
14_029.png 523
14_030.png 524
14_031.png 525
14_032.png 526
14_033.png 527
14_034.png 528
14_035.png 529
14_036.png 530
14_037.png 531
14_038.png 532
14_039.png 533
14_040.png 534
14_041.png 535
14_042.png 536
14_043.png 537
14_044.png 538
14_045.png 539
14_046.png 540
14_047.png 541
14_048.png 542
14_049.png 543
14_050.png 544
14_051.png 545
14_052.png 546
14_053.png 547
14_054.png 548
14_055.png 549
14_056.png 550
14_057.png 551
14_058.png 552
14_059.png 553
14_060.png 554
14_061.png 555
14_062.png 556
14_063.png 557
14_064.png 558
14_065.png 559
14_066.png 560
14_067.png 561
14_068.png 562
14_069.png 563
14_070.png 564
14_071.png 565
14_072.png 566
14_073.png 567
14_074.png 568
14_075.png 569
14_076.png 570
14_077.png 571
14_078.png 572
14_079.png 573
14_080.png 574
14_081.png 575
14_082.png 576
14_083.png 577
14_084.png 578
14_085.png 579
14_086.png 580
14_087.png 581
14_088.png 582
14_089.png 583
14_090.png 584
14_091.png 585
14_092.png 586
14_093.png 587
14_094.png 588
14_095.png 589
14_096.png 590
14_097.png 591
14_098.png 592
14_099.png 593
15_001.png 594
15_002.png 595
15_003.png 596
15_004.png 597
15_005.png 598
15_006.png 599
15_007.png 600
15_008.png 601
15_009.png 602
15_010.png 603
15_011.png 604
15_012.png 605
15_013.png 606
15_014.png 607
15_015.png 608
15_016.png 609
15_017.png 610
15_018.png 611
15_019.png 612
15_020.png 613
15_021.png 614
15_022.png 615
15_023.png 616
15_024.png 617
15_025.png 618
15_026.png 619
15_027.png 620
15_028.png 621
15_029.png 622
15_030.png 623
15_031.png 624
15_032.png 625
15_033.png 626
15_034.png 627
15_035.png 628
15_036.png 629
15_037.png 630
15_038.png 631
15_039.png 632
15_040.png 633
15_041.png 634
15_042.png 635
15_043.png 636
15_044.png 637
15_045.png 638
15_046.png 639
15_047.png 640
15_048.png 641
15_049.png 642
15_050.png 643
15_051.png 644
15_052.png 645
15_053.png 646
15_054.png 647
15_055.png 648
15_056.png 649
15_057.png 650
15_058.png 651
15_059.png 652
15_060.png 653
15_061.png 654
15_062.png 655
15_063.png 656
15_064.png 657
15_065.png 658
15_066.png 659
15_067.png 660
15_068.png 661
15_069.png 662
15_070.png 663
15_071.png 664
15_072.png 665
15_073.png 666
15_074.png 667
15_075.png 668
15_076.png 669
15_077.png 670
15_078.png 671
15_079.png 672
15_080.png 673
15_081.png 674
15_082.png 675
15_083.png 676
15_084.png 677
15_085.png 678
15_086.png 679
15_087.png 680
15_088.png 681
15_089.png 682
15_090.png 683
15_091.png 684
15_092.png 685
15_093.png 686
15_094.png 687
15_095.png 688
15_096.png 689
15_097.png 690
15_098.png 691
15_099.png 692
16_001.png 693
16_002.png 694
16_003.png 695
16_004.png 696
16_005.png 697
16_006.png 698
16_007.png 699
16_008.png 700
16_009.png 701
16_010.png 702
16_011.png 703
16_012.png 704
16_013.png 705
16_014.png 706
16_015.png 707
16_016.png 708
16_017.png 709
16_018.png 710
16_019.png 711
16_020.png 712
16_021.png 713
16_022.png 714
16_023.png 715
16_024.png 716
16_025.png 717
16_026.png 718
16_027.png 719
16_028.png 720
16_029.png 721
16_030.png 722
16_031.png 723
16_032.png 724
16_033.png 725
16_034.png 726
16_035.png 727
16_036.png 728
16_037.png 729
16_038.png 730
16_039.png 731
16_040.png 732
16_041.png 733
16_042.png 734
16_043.png 735
16_044.png 736
16_045.png 737
16_046.png 738
16_047.png 739
16_048.png 740
16_049.png 741
16_050.png 742
16_051.png 743
16_052.png 744
16_053.png 745
16_054.png 746
16_055.png 747
16_056.png 748
16_057.png 749
16_058.png 750
16_059.png 751
16_060.png 752
16_061.png 753
16_062.png 754
16_063.png 755
16_064.png 756
16_065.png 757
16_066.png 758
16_067.png 759
16_068.png 760
16_069.png 761
16_070.png 762
16_071.png 763
16_072.png 764
16_073.png 765
16_074.png 766
16_075.png 767
16_076.png 768
16_077.png 769
16_078.png 770
16_079.png 771
16_080.png 772
16_081.png 773
16_082.png 774
16_083.png 775
16_084.png 776
16_085.png 777
16_086.png 778
16_087.png 779
16_088.png 780
16_089.png 781
16_090.png 782
16_091.png 783
16_092.png 784
16_093.png 785
16_094.png 786
16_095.png 787
16_096.png 788
16_097.png 789
16_098.png 790
16_099.png 791
17_001.png 792
17_002.png 793
17_003.png 794
17_004.png 795
17_005.png 796
17_006.png 797
17_007.png 798
17_008.png 799
17_009.png 800
17_010.png 801
17_011.png 802
17_012.png 803
17_013.png 804
17_014.png 805
17_015.png 806
17_016.png 807
17_017.png 808
17_018.png 809
17_019.png 810
17_020.png 811
17_021.png 812
17_022.png 813
17_023.png 814
17_024.png 815
17_025.png 816
17_026.png 817
17_027.png 818
17_028.png 819
17_029.png 820
17_030.png 821
17_031.png 822
17_032.png 823
17_033.png 824
17_034.png 825
17_035.png 826
17_036.png 827
17_037.png 828
17_038.png 829
17_039.png 830
17_040.png 831
17_041.png 832
17_042.png 833
17_043.png 834
17_044.png 835
17_045.png 836
17_046.png 837
17_047.png 838
17_048.png 839
17_049.png 840
17_050.png 841
17_051.png 842
17_052.png 843
17_053.png 844
17_054.png 845
17_055.png 846
17_056.png 847
17_057.png 848
17_058.png 849
17_059.png 850
17_060.png 851
17_061.png 852
17_062.png 853
17_063.png 854
17_064.png 855
17_065.png 856
17_066.png 857
17_067.png 858
17_068.png 859
17_069.png 860
17_070.png 861
17_071.png 862
17_072.png 863
17_073.png 864
17_074.png 865
17_075.png 866
17_076.png 867
17_077.png 868
17_078.png 869
17_079.png 870
17_080.png 871
17_081.png 872
17_082.png 873
17_083.png 874
17_084.png 875
17_085.png 876
17_086.png 877
17_087.png 878
17_088.png 879
17_089.png 880
17_090.png 881
17_091.png 882
17_092.png 883
17_093.png 884
17_094.png 885
17_095.png 886
17_096.png 887
17_097.png 888
17_098.png 889
17_099.png 890
18_001.png 891
18_002.png 892
18_003.png 893
18_004.png 894
18_005.png 895
18_006.png 896
18_007.png 897
18_008.png 898
18_009.png 899
18_010.png 900
18_011.png 901
18_012.png 902
18_013.png 903
18_014.png 904
18_015.png 905
18_016.png 906
18_017.png 907
18_018.png 908
18_019.png 909
18_020.png 910
18_021.png 911
18_022.png 912
18_023.png 913
18_024.png 914
18_025.png 915
18_026.png 916
18_027.png 917
18_028.png 918
18_029.png 919
18_030.png 920
18_031.png 921
18_032.png 922
18_033.png 923
18_034.png 924
18_035.png 925
18_036.png 926
18_037.png 927
18_038.png 928
18_039.png 929
18_040.png 930
18_041.png 931
18_042.png 932
18_043.png 933
18_044.png 934
18_045.png 935
18_046.png 936
18_047.png 937
18_048.png 938
18_049.png 939
18_050.png 940
18_051.png 941
18_052.png 942
18_053.png 943
18_054.png 944
18_055.png 945
18_056.png 946
18_057.png 947
18_058.png 948
18_059.png 949
18_060.png 950
18_061.png 951
18_062.png 952
18_063.png 953
18_064.png 954
18_065.png 955
18_066.png 956
18_067.png 957
18_068.png 958
18_069.png 959
18_070.png 960
18_071.png 961
18_072.png 962
18_073.png 963
18_074.png 964
18_075.png 965
18_076.png 966
18_077.png 967
18_078.png 968
18_079.png 969
18_080.png 970
18_081.png 971
18_082.png 972
18_083.png 973
18_084.png 974
18_085.png 975
18_086.png 976
18_087.png 977
18_088.png 978
18_089.png 979
18_090.png 980
18_091.png 981
18_092.png 982
18_093.png 983
18_094.png 984
18_095.png 985
18_096.png 986
18_097.png 987
18_098.png 988
18_099.png 989
19_001.png 990
19_002.png 991
19_003.png 992
19_004.png 993
19_005.png 994
19_006.png 995
19_007.png 996
19_008.png 997
19_009.png 998
19_010.png 999
19_011.png 1000
19_012.png 1001
19_013.png 1002
19_014.png 1003
19_015.png 1004
19_016.png 1005
19_017.png 1006
19_018.png 1007
19_019.png 1008
19_020.png 1009
19_021.png 1010
19_022.png 1011
19_023.png 1012
19_024.png 1013
19_025.png 1014
19_026.png 1015
19_027.png 1016
19_028.png 1017
19_029.png 1018
19_030.png 1019
19_031.png 1020
19_032.png 1021
19_033.png 1022
19_034.png 1023
19_035.png 1024
19_036.png 1025
19_037.png 1026
19_038.png 1027
19_039.png 1028
19_040.png 1029
19_041.png 1030
19_042.png 1031
19_043.png 1032
19_044.png 1033
19_045.png 1034
19_046.png 1035
19_047.png 1036
19_048.png 1037
19_049.png 1038
19_050.png 1039
19_051.png 1040
19_052.png 1041
19_053.png 1042
19_054.png 1043
19_055.png 1044
19_056.png 1045
19_057.png 1046
19_058.png 1047
19_059.png 1048
19_060.png 1049
19_061.png 1050
19_062.png 1051
19_063.png 1052
19_064.png 1053
19_065.png 1054
19_066.png 1055
19_067.png 1056
19_068.png 1057
19_069.png 1058
19_070.png 1059
19_071.png 1060
19_072.png 1061
19_073.png 1062
19_074.png 1063
19_075.png 1064
19_076.png 1065
19_077.png 1066
19_078.png 1067
19_079.png 1068
19_080.png 1069
19_081.png 1070
19_082.png 1071
19_083.png 1072
19_084.png 1073
19_085.png 1074
19_086.png 1075
19_087.png 1076
19_088.png 1077
19_089.png 1078
19_090.png 1079
19_091.png 1080
19_092.png 1081
19_093.png 1082
19_094.png 1083
19_095.png 1084
19_096.png 1085
19_097.png 1086
19_098.png 1087
19_099.png 1088
1_001.png 1089
1_002.png 1090
1_003.png 1091
1_004.png 1092
1_005.png 1093
1_006.png 1094
1_007.png 1095
1_008.png 1096
1_009.png 1097
1_010.png 1098
1_011.png 1099
1_012.png 1100
1_013.png 1101
1_014.png 1102
1_015.png 1103
1_016.png 1104
1_017.png 1105
1_018.png 1106
1_019.png 1107
1_020.png 1108
1_021.png 1109
1_022.png 1110
1_023.png 1111
1_024.png 1112
1_025.png 1113
1_026.png 1114
1_027.png 1115
1_028.png 1116
1_029.png 1117
1_030.png 1118
1_031.png 1119
1_032.png 1120
1_033.png 1121
1_034.png 1122
1_035.png 1123
1_036.png 1124
1_037.png 1125
1_038.png 1126
1_039.png 1127
1_040.png 1128
1_041.png 1129
1_042.png 1130
1_043.png 1131
1_044.png 1132
1_045.png 1133
1_046.png 1134
1_047.png 1135
1_048.png 1136
1_049.png 1137
1_050.png 1138
1_051.png 1139
1_052.png 1140
1_053.png 1141
1_054.png 1142
1_055.png 1143
1_056.png 1144
1_057.png 1145
1_058.png 1146
1_059.png 1147
1_060.png 1148
1_061.png 1149
1_062.png 1150
1_063.png 1151
1_064.png 1152
1_065.png 1153
1_066.png 1154
1_067.png 1155
1_068.png 1156
1_069.png 1157
1_070.png 1158
1_071.png 1159
1_072.png 1160
1_073.png 1161
1_074.png 1162
1_075.png 1163
1_076.png 1164
1_077.png 1165
1_078.png 1166
1_079.png 1167
1_080.png 1168
1_081.png 1169
1_082.png 1170
1_083.png 1171
1_084.png 1172
1_085.png 1173
1_086.png 1174
1_087.png 1175
1_088.png 1176
1_089.png 1177
1_090.png 1178
1_091.png 1179
1_092.png 1180
1_093.png 1181
1_094.png 1182
1_095.png 1183
1_096.png 1184
1_097.png 1185
1_098.png 1186
1_099.png 1187
20_001.png 1188
20_002.png 1189
20_003.png 1190
20_004.png 1191
20_005.png 1192
20_006.png 1193
20_007.png 1194
20_008.png 1195
20_009.png 1196
20_010.png 1197
20_011.png 1198
20_012.png 1199
20_013.png 1200
20_014.png 1201
20_015.png 1202
20_016.png 1203
20_017.png 1204
20_018.png 1205
20_019.png 1206
20_020.png 1207
20_021.png 1208
20_022.png 1209
20_023.png 1210
20_024.png 1211
20_025.png 1212
20_026.png 1213
20_027.png 1214
20_028.png 1215
20_029.png 1216
20_030.png 1217
20_031.png 1218
20_032.png 1219
20_033.png 1220
20_034.png 1221
20_035.png 1222
20_036.png 1223
20_037.png 1224
20_038.png 1225
20_039.png 1226
20_040.png 1227
20_041.png 1228
20_042.png 1229
20_043.png 1230
20_044.png 1231
20_045.png 1232
20_046.png 1233
20_047.png 1234
20_048.png 1235
20_049.png 1236
20_050.png 1237
20_051.png 1238
20_052.png 1239
20_053.png 1240
20_054.png 1241
20_055.png 1242
20_056.png 1243
20_057.png 1244
20_058.png 1245
20_059.png 1246
20_060.png 1247
20_061.png 1248
20_062.png 1249
20_063.png 1250
20_064.png 1251
20_065.png 1252
20_066.png 1253
20_067.png 1254
20_068.png 1255
20_069.png 1256
20_070.png 1257
20_071.png 1258
20_072.png 1259
20_073.png 1260
20_074.png 1261
20_075.png 1262
20_076.png 1263
20_077.png 1264
20_078.png 1265
20_079.png 1266
20_080.png 1267
20_081.png 1268
20_082.png 1269
20_083.png 1270
20_084.png 1271
20_085.png 1272
20_086.png 1273
20_087.png 1274
20_088.png 1275
20_089.png 1276
20_090.png 1277
20_091.png 1278
20_092.png 1279
20_093.png 1280
20_094.png 1281
20_095.png 1282
20_096.png 1283
20_097.png 1284
20_098.png 1285
20_099.png 1286
21_001.png 1287
21_002.png 1288
21_003.png 1289
21_004.png 1290
21_005.png 1291
21_006.png 1292
21_007.png 1293
21_008.png 1294
21_009.png 1295
21_010.png 1296
21_011.png 1297
21_012.png 1298
21_013.png 1299
21_014.png 1300
21_015.png 1301
21_016.png 1302
21_017.png 1303
21_018.png 1304
21_019.png 1305
21_020.png 1306
21_021.png 1307
21_022.png 1308
21_023.png 1309
21_024.png 1310
21_025.png 1311
21_026.png 1312
21_027.png 1313
21_028.png 1314
21_029.png 1315
21_030.png 1316
21_031.png 1317
21_032.png 1318
21_033.png 1319
21_034.png 1320
21_035.png 1321
21_036.png 1322
21_037.png 1323
21_038.png 1324
21_039.png 1325
21_040.png 1326
21_041.png 1327
21_042.png 1328
21_043.png 1329
21_044.png 1330
21_045.png 1331
21_046.png 1332
21_047.png 1333
21_048.png 1334
21_049.png 1335
21_050.png 1336
21_051.png 1337
21_052.png 1338
21_053.png 1339
21_054.png 1340
21_055.png 1341
21_056.png 1342
21_057.png 1343
21_058.png 1344
21_059.png 1345
21_060.png 1346
21_061.png 1347
21_062.png 1348
21_063.png 1349
21_064.png 1350
21_065.png 1351
21_066.png 1352
21_067.png 1353
21_068.png 1354
21_069.png 1355
21_070.png 1356
21_071.png 1357
21_072.png 1358
21_073.png 1359
21_074.png 1360
21_075.png 1361
21_076.png 1362
21_077.png 1363
21_078.png 1364
21_079.png 1365
21_080.png 1366
21_081.png 1367
21_082.png 1368
21_083.png 1369
21_084.png 1370
21_085.png 1371
21_086.png 1372
21_087.png 1373
21_088.png 1374
21_089.png 1375
21_090.png 1376
21_091.png 1377
21_092.png 1378
21_093.png 1379
21_094.png 1380
21_095.png 1381
21_096.png 1382
21_097.png 1383
21_098.png 1384
21_099.png 1385
22_001.png 1386
22_002.png 1387
22_003.png 1388
22_004.png 1389
22_005.png 1390
22_006.png 1391
22_007.png 1392
22_008.png 1393
22_009.png 1394
22_010.png 1395
22_011.png 1396
22_012.png 1397
22_013.png 1398
22_014.png 1399
22_015.png 1400
22_016.png 1401
22_017.png 1402
22_018.png 1403
22_019.png 1404
22_020.png 1405
22_021.png 1406
22_022.png 1407
22_023.png 1408
22_024.png 1409
22_025.png 1410
22_026.png 1411
22_027.png 1412
22_028.png 1413
22_029.png 1414
22_030.png 1415
22_031.png 1416
22_032.png 1417
22_033.png 1418
22_034.png 1419
22_035.png 1420
22_036.png 1421
22_037.png 1422
22_038.png 1423
22_039.png 1424
22_040.png 1425
22_041.png 1426
22_042.png 1427
22_043.png 1428
22_044.png 1429
22_045.png 1430
22_046.png 1431
22_047.png 1432
22_048.png 1433
22_049.png 1434
22_050.png 1435
22_051.png 1436
22_052.png 1437
22_053.png 1438
22_054.png 1439
22_055.png 1440
22_056.png 1441
22_057.png 1442
22_058.png 1443
22_059.png 1444
22_060.png 1445
22_061.png 1446
22_062.png 1447
22_063.png 1448
22_064.png 1449
22_065.png 1450
22_066.png 1451
22_068.png 1452
22_069.png 1453
22_070.png 1454
22_071.png 1455
22_072.png 1456
22_073.png 1457
22_074.png 1458
22_075.png 1459
22_076.png 1460
22_077.png 1461
22_078.png 1462
22_079.png 1463
22_080.png 1464
22_081.png 1465
22_082.png 1466
22_083.png 1467
22_084.png 1468
22_085.png 1469
22_086.png 1470
22_087.png 1471
22_088.png 1472
22_089.png 1473
22_090.png 1474
22_091.png 1475
22_092.png 1476
22_093.png 1477
22_094.png 1478
22_095.png 1479
22_096.png 1480
22_097.png 1481
22_098.png 1482
22_099.png 1483
23_001.png 1484
23_002.png 1485
23_003.png 1486
23_004.png 1487
23_006.png 1488
23_007.png 1489
23_008.png 1490
23_009.png 1491
23_011.png 1492
23_012.png 1493
23_013.png 1494
23_014.png 1495
23_015.png 1496
23_016.png 1497
23_017.png 1498
23_018.png 1499
23_019.png 1500
23_020.png 1501
23_021.png 1502
23_022.png 1503
23_023.png 1504
23_024.png 1505
23_025.png 1506
23_026.png 1507
23_027.png 1508
23_028.png 1509
23_029.png 1510
23_030.png 1511
23_031.png 1512
23_032.png 1513
23_033.png 1514
23_034.png 1515
23_035.png 1516
23_036.png 1517
23_037.png 1518
23_038.png 1519
23_039.png 1520
23_040.png 1521
23_041.png 1522
23_042.png 1523
23_043.png 1524
23_044.png 1525
23_045.png 1526
23_047.png 1527
23_048.png 1528
23_049.png 1529
23_050.png 1530
23_051.png 1531
23_052.png 1532
23_053.png 1533
23_054.png 1534
23_055.png 1535
23_056.png 1536
23_057.png 1537
23_058.png 1538
23_059.png 1539
23_060.png 1540
23_061.png 1541
23_062.png 1542
23_063.png 1543
23_064.png 1544
23_065.png 1545
23_066.png 1546
23_068.png 1547
23_069.png 1548
23_070.png 1549
23_071.png 1550
23_072.png 1551
23_073.png 1552
23_074.png 1553
23_075.png 1554
23_076.png 1555
23_077.png 1556
23_078.png 1557
23_079.png 1558
23_080.png 1559
23_081.png 1560
23_082.png 1561
23_083.png 1562
23_084.png 1563
23_086.png 1564
23_087.png 1565
23_088.png 1566
23_089.png 1567
23_090.png 1568
23_091.png 1569
23_092.png 1570
23_093.png 1571
23_094.png 1572
23_095.png 1573
23_096.png 1574
23_097.png 1575
23_098.png 1576
23_099.png 1577
2_001.png 1578
2_002.png 1579
2_003.png 1580
2_004.png 1581
2_005.png 1582
2_006.png 1583
2_007.png 1584
2_008.png 1585
2_009.png 1586
2_010.png 1587
2_011.png 1588
2_012.png 1589
2_013.png 1590
2_014.png 1591
2_015.png 1592
2_016.png 1593
2_017.png 1594
2_018.png 1595
2_019.png 1596
2_020.png 1597
2_021.png 1598
2_022.png 1599
2_023.png 1600
2_024.png 1601
2_025.png 1602
2_026.png 1603
2_027.png 1604
2_028.png 1605
2_029.png 1606
2_030.png 1607
2_031.png 1608
2_032.png 1609
2_033.png 1610
2_034.png 1611
2_035.png 1612
2_036.png 1613
2_037.png 1614
2_038.png 1615
2_039.png 1616
2_040.png 1617
2_041.png 1618
2_042.png 1619
2_043.png 1620
2_044.png 1621
2_045.png 1622
2_046.png 1623
2_047.png 1624
2_048.png 1625
2_049.png 1626
2_050.png 1627
2_051.png 1628
2_052.png 1629
2_053.png 1630
2_054.png 1631
2_055.png 1632
2_056.png 1633
2_057.png 1634
2_058.png 1635
2_059.png 1636
2_060.png 1637
2_061.png 1638
2_062.png 1639
2_063.png 1640
2_064.png 1641
2_065.png 1642
2_066.png 1643
2_067.png 1644
2_068.png 1645
2_069.png 1646
2_070.png 1647
2_071.png 1648
2_072.png 1649
2_073.png 1650
2_074.png 1651
2_075.png 1652
2_076.png 1653
2_077.png 1654
2_078.png 1655
2_079.png 1656
2_080.png 1657
2_081.png 1658
2_082.png 1659
2_083.png 1660
2_084.png 1661
2_085.png 1662
2_086.png 1663
2_087.png 1664
2_088.png 1665
2_089.png 1666
2_090.png 1667
2_091.png 1668
2_092.png 1669
2_093.png 1670
2_094.png 1671
2_095.png 1672
2_096.png 1673
2_097.png 1674
2_098.png 1675
2_099.png 1676
3_001.png 1677
3_002.png 1678
3_003.png 1679
3_004.png 1680
3_005.png 1681
3_006.png 1682
3_007.png 1683
3_008.png 1684
3_009.png 1685
3_010.png 1686
3_011.png 1687
3_012.png 1688
3_013.png 1689
3_014.png 1690
3_015.png 1691
3_016.png 1692
3_017.png 1693
3_018.png 1694
3_019.png 1695
3_020.png 1696
3_021.png 1697
3_022.png 1698
3_023.png 1699
3_024.png 1700
3_025.png 1701
3_026.png 1702
3_027.png 1703
3_028.png 1704
3_029.png 1705
3_030.png 1706
3_031.png 1707
3_032.png 1708
3_033.png 1709
3_034.png 1710
3_035.png 1711
3_036.png 1712
3_037.png 1713
3_038.png 1714
3_039.png 1715
3_040.png 1716
3_041.png 1717
3_042.png 1718
3_043.png 1719
3_044.png 1720
3_045.png 1721
3_046.png 1722
3_047.png 1723
3_048.png 1724
3_049.png 1725
3_050.png 1726
3_051.png 1727
3_052.png 1728
3_053.png 1729
3_054.png 1730
3_055.png 1731
3_056.png 1732
3_057.png 1733
3_058.png 1734
3_059.png 1735
3_060.png 1736
3_061.png 1737
3_062.png 1738
3_063.png 1739
3_064.png 1740
3_065.png 1741
3_066.png 1742
3_067.png 1743
3_068.png 1744
3_069.png 1745
3_070.png 1746
3_071.png 1747
3_072.png 1748
3_073.png 1749
3_074.png 1750
3_075.png 1751
3_076.png 1752
3_077.png 1753
3_078.png 1754
3_079.png 1755
3_080.png 1756
3_081.png 1757
3_082.png 1758
3_083.png 1759
3_084.png 1760
3_085.png 1761
3_086.png 1762
3_087.png 1763
3_088.png 1764
3_089.png 1765
3_090.png 1766
3_091.png 1767
3_092.png 1768
3_093.png 1769
3_094.png 1770
3_095.png 1771
3_096.png 1772
3_097.png 1773
3_098.png 1774
3_099.png 1775
4_001.png 1776
4_002.png 1777
4_003.png 1778
4_004.png 1779
4_005.png 1780
4_006.png 1781
4_007.png 1782
4_008.png 1783
4_009.png 1784
4_010.png 1785
4_011.png 1786
4_012.png 1787
4_013.png 1788
4_014.png 1789
4_015.png 1790
4_016.png 1791
4_017.png 1792
4_018.png 1793
4_019.png 1794
4_020.png 1795
4_021.png 1796
4_022.png 1797
4_023.png 1798
4_024.png 1799
4_025.png 1800
4_026.png 1801
4_027.png 1802
4_028.png 1803
4_029.png 1804
4_030.png 1805
4_031.png 1806
4_032.png 1807
4_033.png 1808
4_034.png 1809
4_035.png 1810
4_036.png 1811
4_037.png 1812
4_038.png 1813
4_039.png 1814
4_040.png 1815
4_041.png 1816
4_042.png 1817
4_043.png 1818
4_044.png 1819
4_045.png 1820
4_046.png 1821
4_047.png 1822
4_048.png 1823
4_049.png 1824
4_050.png 1825
4_051.png 1826
4_052.png 1827
4_053.png 1828
4_054.png 1829
4_055.png 1830
4_056.png 1831
4_057.png 1832
4_058.png 1833
4_059.png 1834
4_060.png 1835
4_061.png 1836
4_062.png 1837
4_063.png 1838
4_064.png 1839
4_065.png 1840
4_066.png 1841
4_067.png 1842
4_068.png 1843
4_069.png 1844
4_070.png 1845
4_071.png 1846
4_072.png 1847
4_073.png 1848
4_074.png 1849
4_075.png 1850
4_076.png 1851
4_077.png 1852
4_078.png 1853
4_079.png 1854
4_080.png 1855
4_081.png 1856
4_082.png 1857
4_083.png 1858
4_084.png 1859
4_085.png 1860
4_086.png 1861
4_087.png 1862
4_088.png 1863
4_089.png 1864
4_090.png 1865
4_091.png 1866
4_092.png 1867
4_093.png 1868
4_094.png 1869
4_095.png 1870
4_096.png 1871
4_097.png 1872
4_098.png 1873
4_099.png 1874
5_001.png 1875
5_002.png 1876
5_003.png 1877
5_004.png 1878
5_005.png 1879
5_006.png 1880
5_007.png 1881
5_008.png 1882
5_009.png 1883
5_010.png 1884
5_011.png 1885
5_012.png 1886
5_013.png 1887
5_014.png 1888
5_015.png 1889
5_016.png 1890
5_017.png 1891
5_018.png 1892
5_019.png 1893
5_020.png 1894
5_021.png 1895
5_022.png 1896
5_023.png 1897
5_024.png 1898
5_025.png 1899
5_026.png 1900
5_027.png 1901
5_028.png 1902
5_029.png 1903
5_030.png 1904
5_031.png 1905
5_032.png 1906
5_033.png 1907
5_034.png 1908
5_035.png 1909
5_036.png 1910
5_037.png 1911
5_038.png 1912
5_039.png 1913
5_040.png 1914
5_041.png 1915
5_042.png 1916
5_043.png 1917
5_044.png 1918
5_045.png 1919
5_046.png 1920
5_047.png 1921
5_048.png 1922
5_049.png 1923
5_050.png 1924
5_051.png 1925
5_052.png 1926
5_053.png 1927
5_054.png 1928
5_055.png 1929
5_056.png 1930
5_057.png 1931
5_058.png 1932
5_059.png 1933
5_060.png 1934
5_061.png 1935
5_062.png 1936
5_063.png 1937
5_064.png 1938
5_065.png 1939
5_066.png 1940
5_067.png 1941
5_068.png 1942
5_069.png 1943
5_070.png 1944
5_071.png 1945
5_072.png 1946
5_073.png 1947
5_074.png 1948
5_075.png 1949
5_076.png 1950
5_077.png 1951
5_078.png 1952
5_079.png 1953
5_080.png 1954
5_081.png 1955
5_082.png 1956
5_083.png 1957
5_084.png 1958
5_085.png 1959
5_086.png 1960
5_087.png 1961
5_088.png 1962
5_089.png 1963
5_090.png 1964
5_091.png 1965
5_092.png 1966
5_093.png 1967
5_094.png 1968
5_095.png 1969
5_096.png 1970
5_097.png 1971
5_098.png 1972
5_099.png 1973
6_001.png 1974
6_002.png 1975
6_003.png 1976
6_004.png 1977
6_005.png 1978
6_006.png 1979
6_007.png 1980
6_008.png 1981
6_009.png 1982
6_010.png 1983
6_011.png 1984
6_012.png 1985
6_013.png 1986
6_014.png 1987
6_015.png 1988
6_016.png 1989
6_017.png 1990
6_018.png 1991
6_019.png 1992
6_020.png 1993
6_021.png 1994
6_022.png 1995
6_023.png 1996
6_024.png 1997
6_025.png 1998
6_026.png 1999
6_027.png 2000
6_028.png 2001
6_029.png 2002
6_030.png 2003
6_031.png 2004
6_032.png 2005
6_033.png 2006
6_034.png 2007
6_035.png 2008
6_036.png 2009
6_037.png 2010
6_038.png 2011
6_039.png 2012
6_040.png 2013
6_041.png 2014
6_042.png 2015
6_043.png 2016
6_044.png 2017
6_045.png 2018
6_046.png 2019
6_047.png 2020
6_048.png 2021
6_049.png 2022
6_050.png 2023
6_051.png 2024
6_052.png 2025
6_053.png 2026
6_054.png 2027
6_055.png 2028
6_056.png 2029
6_057.png 2030
6_058.png 2031
6_059.png 2032
6_060.png 2033
6_061.png 2034
6_062.png 2035
6_063.png 2036
6_064.png 2037
6_065.png 2038
6_066.png 2039
6_067.png 2040
6_068.png 2041
6_069.png 2042
6_070.png 2043
6_071.png 2044
6_072.png 2045
6_073.png 2046
6_074.png 2047
6_075.png 2048
6_076.png 2049
6_077.png 2050
6_078.png 2051
6_079.png 2052
6_080.png 2053
6_081.png 2054
6_082.png 2055
6_083.png 2056
6_084.png 2057
6_085.png 2058
6_086.png 2059
6_087.png 2060
6_088.png 2061
6_089.png 2062
6_090.png 2063
6_091.png 2064
6_092.png 2065
6_093.png 2066
6_094.png 2067
6_095.png 2068
6_096.png 2069
6_097.png 2070
6_098.png 2071
6_099.png 2072
7_001.png 2073
7_002.png 2074
7_003.png 2075
7_004.png 2076
7_005.png 2077
7_006.png 2078
7_007.png 2079
7_008.png 2080
7_009.png 2081
7_010.png 2082
7_011.png 2083
7_012.png 2084
7_013.png 2085
7_014.png 2086
7_015.png 2087
7_016.png 2088
7_017.png 2089
7_018.png 2090
7_019.png 2091
7_020.png 2092
7_021.png 2093
7_022.png 2094
7_023.png 2095
7_024.png 2096
7_025.png 2097
7_026.png 2098
7_027.png 2099
7_028.png 2100
7_029.png 2101
7_030.png 2102
7_031.png 2103
7_032.png 2104
7_033.png 2105
7_034.png 2106
7_035.png 2107
7_036.png 2108
7_037.png 2109
7_038.png 2110
7_039.png 2111
7_040.png 2112
7_041.png 2113
7_042.png 2114
7_043.png 2115
7_044.png 2116
7_045.png 2117
7_046.png 2118
7_047.png 2119
7_048.png 2120
7_049.png 2121
7_050.png 2122
7_051.png 2123
7_052.png 2124
7_053.png 2125
7_054.png 2126
7_055.png 2127
7_056.png 2128
7_057.png 2129
7_058.png 2130
7_059.png 2131
7_060.png 2132
7_061.png 2133
7_062.png 2134
7_063.png 2135
7_064.png 2136
7_065.png 2137
7_066.png 2138
7_067.png 2139
7_068.png 2140
7_069.png 2141
7_070.png 2142
7_071.png 2143
7_072.png 2144
7_073.png 2145
7_074.png 2146
7_075.png 2147
7_076.png 2148
7_077.png 2149
7_078.png 2150
7_079.png 2151
7_080.png 2152
7_081.png 2153
7_082.png 2154
7_083.png 2155
7_084.png 2156
7_085.png 2157
7_086.png 2158
7_087.png 2159
7_088.png 2160
7_089.png 2161
7_090.png 2162
7_091.png 2163
7_092.png 2164
7_093.png 2165
7_094.png 2166
7_095.png 2167
7_096.png 2168
7_097.png 2169
7_098.png 2170
7_099.png 2171
8_001.png 2172
8_002.png 2173
8_003.png 2174
8_004.png 2175
8_005.png 2176
8_006.png 2177
8_007.png 2178
8_008.png 2179
8_009.png 2180
8_010.png 2181
8_011.png 2182
8_012.png 2183
8_013.png 2184
8_014.png 2185
8_015.png 2186
8_016.png 2187
8_017.png 2188
8_018.png 2189
8_019.png 2190
8_020.png 2191
8_021.png 2192
8_022.png 2193
8_023.png 2194
8_024.png 2195
8_025.png 2196
8_026.png 2197
8_027.png 2198
8_028.png 2199
8_029.png 2200
8_030.png 2201
8_031.png 2202
8_032.png 2203
8_033.png 2204
8_034.png 2205
8_035.png 2206
8_036.png 2207
8_037.png 2208
8_038.png 2209
8_039.png 2210
8_040.png 2211
8_041.png 2212
8_042.png 2213
8_043.png 2214
8_044.png 2215
8_045.png 2216
8_046.png 2217
8_047.png 2218
8_048.png 2219
8_049.png 2220
8_050.png 2221
8_051.png 2222
8_052.png 2223
8_053.png 2224
8_054.png 2225
8_055.png 2226
8_056.png 2227
8_057.png 2228
8_058.png 2229
8_059.png 2230
8_060.png 2231
8_061.png 2232
8_062.png 2233
8_063.png 2234
8_064.png 2235
8_065.png 2236
8_066.png 2237
8_067.png 2238
8_068.png 2239
8_069.png 2240
8_070.png 2241
8_071.png 2242
8_072.png 2243
8_073.png 2244
8_074.png 2245
8_075.png 2246
8_076.png 2247
8_077.png 2248
8_078.png 2249
8_079.png 2250
8_080.png 2251
8_081.png 2252
8_082.png 2253
8_083.png 2254
8_084.png 2255
8_085.png 2256
8_086.png 2257
8_087.png 2258
8_088.png 2259
8_089.png 2260
8_090.png 2261
8_091.png 2262
8_092.png 2263
8_093.png 2264
8_094.png 2265
8_095.png 2266
8_096.png 2267
8_097.png 2268
8_098.png 2269
8_099.png 2270
9_001.png 2271
9_002.png 2272
9_003.png 2273
9_004.png 2274
9_005.png 2275
9_006.png 2276
9_007.png 2277
9_008.png 2278
9_009.png 2279
9_010.png 2280
9_011.png 2281
9_012.png 2282
9_013.png 2283
9_014.png 2284
9_015.png 2285
9_016.png 2286
9_017.png 2287
9_018.png 2288
9_019.png 2289
9_020.png 2290
9_021.png 2291
9_022.png 2292
9_023.png 2293
9_024.png 2294
9_025.png 2295
9_026.png 2296
9_027.png 2297
9_028.png 2298
9_029.png 2299
9_030.png 2300
9_031.png 2301
9_032.png 2302
9_033.png 2303
9_034.png 2304
9_035.png 2305
9_036.png 2306
9_037.png 2307
9_038.png 2308
9_039.png 2309
9_040.png 2310
9_041.png 2311
9_042.png 2312
9_043.png 2313
9_044.png 2314
9_045.png 2315
9_046.png 2316
9_047.png 2317
9_048.png 2318
9_049.png 2319
9_050.png 2320
9_051.png 2321
9_052.png 2322
9_053.png 2323
9_054.png 2324
9_055.png 2325
9_056.png 2326
9_057.png 2327
9_058.png 2328
9_059.png 2329
9_060.png 2330
9_061.png 2331
9_062.png 2332
9_063.png 2333
9_064.png 2334
9_065.png 2335
9_066.png 2336
9_067.png 2337
9_068.png 2338
9_069.png 2339
9_070.png 2340
9_071.png 2341
9_072.png 2342
9_073.png 2343
9_074.png 2344
9_075.png 2345
9_076.png 2346
9_077.png 2347
9_078.png 2348
9_079.png 2349
9_080.png 2350
9_081.png 2351
9_082.png 2352
9_083.png 2353
9_084.png 2354
9_085.png 2355
9_086.png 2356
9_087.png 2357
9_088.png 2358
9_089.png 2359
9_090.png 2360
9_091.png 2361
9_092.png 2362
9_093.png 2363
9_094.png 2364
9_095.png 2365
9_096.png 2366
9_097.png 2367
9_098.png 2368
9_099.png 2369
